<?xml version="1.0" encoding="UTF-8"?>
<!-- Generated by org.testng.reporters.JUnitReportReporter -->
<testsuite hostname="LAPTOP-09E441IO" failures="0" tests="2" name="testCases.CheckOut_Step_One_Page_Test" time="36.388" errors="0" timestamp="2024-06-20T19:53:29 IST" skipped="0">
  <testcase classname="testCases.CheckOut_Step_One_Page_Test" name="inputInformationTest" time="27.006"/>
  <system-out>
    <![CDATA[Checkout Page 2 URL = https://www.saucedemo.com/checkout-step-two.html]]>
  </system-out>
  <testcase classname="testCases.CheckOut_Step_One_Page_Test" name="clickOnCancelBtnTest" time="9.382"/>
  <system-out>
    <![CDATA[After cancel the url is = https://www.saucedemo.com/cart.html]]>
  </system-out>
</testsuite> <!-- testCases.CheckOut_Step_One_Page_Test -->
