<?xml version="1.0" encoding="UTF-8"?>
<!-- Generated by org.testng.reporters.JUnitReportReporter -->
<testsuite hostname="LAPTOP-09E441IO" failures="0" tests="3" name="testCases.Checkout_Step_Two_Test" time="21.709" errors="0" timestamp="2024-06-20T19:53:29 IST" skipped="0">
  <testcase classname="testCases.Checkout_Step_Two_Test" name="verifySubTotalLabelTest" time="7.372"/>
  <system-out>
    <![CDATA[The sub Total Label is = Item total: $113.95]]>
  </system-out>
  <testcase classname="testCases.Checkout_Step_Two_Test" name="verifyCartQtyLabelTest" time="7.386"/>
  <system-out>
    <![CDATA[The cart quality label  is = QTY]]>
  </system-out>
  <testcase classname="testCases.Checkout_Step_Two_Test" name="verifyPaymentInfoLabelTest" time="6.951"/>
  <system-out>
    <![CDATA[The Payment Information  label  is = Payment Information:]]>
  </system-out>
</testsuite> <!-- testCases.Checkout_Step_Two_Test -->
