<?xml version="1.0" encoding="UTF-8"?>
<!-- Generated by org.testng.reporters.JUnitReportReporter -->
<testsuite hostname="LAPTOP-09E441IO" failures="0" tests="3" name="testCases.LoginPage_Test" time="12.251" errors="0" timestamp="2024-06-20T23:02:13 IST" skipped="1">
  <testcase classname="testCases.LoginPage_Test" name="loginToApplication" time="8.389"/>
  <system-out/>
  <testcase classname="testCases.LoginPage_Test" name="verifyURLOfApplication" time="3.862"/>
  <system-out/>
  <testcase classname="testCases.LoginPage_Test" name="verifyTitleOfApplication">
    <skipped/>
  </testcase> <!-- verifyTitleOfApplication -->
  <system-out/>
</testsuite> <!-- testCases.LoginPage_Test -->
