<?xml version="1.0" encoding="UTF-8"?>
<!-- Generated by org.testng.reporters.JUnitReportReporter -->
<testsuite hostname="LAPTOP-09E441IO" failures="0" tests="4" name="testCases.Inventory_Page_Test" time="19.111" errors="0" timestamp="2024-06-20T19:53:29 IST" skipped="0">
  <testcase classname="testCases.Inventory_Page_Test" name="add6ProductsTest" time="6.485"/>
  <system-out>
    <![CDATA[Actual count is= 5]]>
  </system-out>
  <testcase classname="testCases.Inventory_Page_Test" name="verifyLinkedInLogoTest" time="4.167"/>
  <system-out>
    <![CDATA[LinkedIn logo is present = true]]>
  </system-out>
  <testcase classname="testCases.Inventory_Page_Test" name="verifyTwitterLogoTest" time="3.962"/>
  <system-out>
    <![CDATA[Twitter Logo is present= true]]>
  </system-out>
  <testcase classname="testCases.Inventory_Page_Test" name="verifyBackPackDescTest" time="4.497"/>
  <system-out>
    <![CDATA[The Description is = carry.allTheThings() with the sleek, streamlined Sly Pack that melds uncompromising style with unequaled laptop and tablet protection.]]>
  </system-out>
</testsuite> <!-- testCases.Inventory_Page_Test -->
