<?xml version="1.0" encoding="UTF-8"?>
<!-- Generated by org.testng.reporters.JUnitReportReporter -->
<testsuite hostname="LAPTOP-09E441IO" failures="0" tests="5" name="testCases.Checkout_Complete_Page_Test" time="38.950" errors="0" timestamp="2024-06-13T18:30:55 IST" skipped="0">
  <testcase classname="testCases.Checkout_Complete_Page_Test" name="clickOnBackToHomeBtnTest" time="6.593"/>
  <system-out>
    <![CDATA[Back to home click = https://www.saucedemo.com/inventory.html]]>
  </system-out>
  <testcase classname="testCases.Checkout_Complete_Page_Test" name="verifyThankYouHeaderTest" time="7.262"/>
  <system-out>
    <![CDATA[Header is = Thank you for your order!]]>
  </system-out>
  <testcase classname="testCases.Checkout_Complete_Page_Test" name="verifyPonyExpressImgTest" time="6.767"/>
  <system-out>
    <![CDATA[Image is displayed = true]]>
  </system-out>
  <testcase classname="testCases.Checkout_Complete_Page_Test" name="verifyCompleteTxtTest" time="9.331"/>
  <system-out>
    <![CDATA[Complete Text is = Your order has been dispatched, and will arrive just as fast as the pony can get there!]]>
  </system-out>
  <testcase classname="testCases.Checkout_Complete_Page_Test" name="verifyPageTitleTest" time="8.997"/>
  <system-out>
    <![CDATA[Page Title is = Checkout: Complete!]]>
  </system-out>
</testsuite> <!-- testCases.Checkout_Complete_Page_Test -->
